<?xml version="1.0" encoding="UTF-8"?>
<testsuite name="activity.PutSwipeTest" tests="2" skipped="0" failures="0" errors="0" timestamp="2022-04-30T15:46:27" hostname="Onyekas-MacBook-Pro.local" time="3.765">
  <properties/>
  <testcase name="givenLeftSwipe_whenPutSwipe_expectCorrectResult" classname="activity.PutSwipeTest" time="3.042"/>
  <testcase name="givenRightSwipe_whenPutSwipe_expectCorrectResult" classname="activity.PutSwipeTest" time="0.723"/>
  <system-out><![CDATA[]]></system-out>
  <system-err><![CDATA[]]></system-err>
</testsuite>
